Base path: 'C:/Program Files/Unity/Hub/Editor/2019.2.19f1/Editor/Data', plugins path 'C:/Program Files/Unity/Hub/Editor/2019.2.19f1/Editor/Data/PlaybackEngines'
Cmd: initializeCompiler
Cmd: compileComputeKernel
  api=4 insize=15806 outsize=93856 ok=1
Cmd: compileComputeKernel
  api=4 insize=15806 outsize=73434 ok=1
Cmd: compileComputeKernel
  api=4 insize=15806 outsize=38152 ok=1
Cmd: compileComputeKernel
  api=4 insize=15806 outsize=44937 ok=1
Cmd: compileComputeKernel
  api=4 insize=15806 outsize=37908 ok=1
Cmd: compileComputeKernel
  api=4 insize=15806 outsize=44741 ok=1
Cmd: compileComputeKernel
  api=4 insize=26390 outsize=15917 ok=1
Cmd: compileComputeKernel
  api=4 insize=9590 outsize=7851 ok=1
Cmd: compileComputeKernel
  api=4 insize=9730 outsize=3350 ok=1
Cmd: compileComputeKernel
  api=4 insize=4133 outsize=4208 ok=1
Cmd: compileComputeKernel
  api=4 insize=7611 outsize=1128 ok=1
Cmd: compileComputeKernel
  api=4 insize=13984 outsize=3986 ok=1
Cmd: compileComputeKernel
  api=4 insize=22088 outsize=14767 ok=1
Cmd: compileComputeKernel
  api=4 insize=8884 outsize=660 ok=1
Cmd: compileComputeKernel
  api=4 insize=37247 outsize=36696 ok=1
Cmd: compileComputeKernel
  api=4 insize=37247 outsize=37474 ok=1
Cmd: compileComputeKernel
  api=4 insize=5190 outsize=1174 ok=1
Cmd: compileComputeKernel
  api=4 insize=5190 outsize=898 ok=1
Cmd: compileComputeKernel
  api=4 insize=3133 outsize=551 ok=1
Cmd: compileComputeKernel
  api=4 insize=10127 outsize=3581 ok=1
Cmd: compileComputeKernel
  api=4 insize=7903 outsize=4600 ok=1
Cmd: compileComputeKernel
  api=4 insize=18083 outsize=5369 ok=1
Cmd: compileComputeKernel
  api=4 insize=20136 outsize=2569 ok=1
Cmd: compileSnippet
  api=4 type=1 insize=5996 outsize=802 kw=APPLY_AFTER_POST pd=UNITY_ENABLE_REFLECTION_BUFFERS UNITY_USE_DITHER_MASK_FOR_ALPHABLENDED_SHADOWS UNITY_PBS_USE_BRDF1 UNITY_SPECCUBE_BOX_PROJECTION UNITY_SPECCUBE_BLENDING UNITY_ENABLE_DETAIL_NORMALMAP SHADER_API_DESKTOP UNITY_COLORSPACE_GAMMA UNITY_LIGHT_PROBE_PROXY_VOLUME UNITY_LIGHTMAP_FULL_HDR ok=1
Cmd: compileSnippet
  api=4 type=0 insize=6855 outsize=810 kw=_NORMALMAP_TANGENT_SPACE _NORMALMAP _MASKMAP _EMISSIVE_COLOR_MAP pd=UNITY_ENABLE_REFLECTION_BUFFERS UNITY_USE_DITHER_MASK_FOR_ALPHABLENDED_SHADOWS UNITY_PBS_USE_BRDF1 UNITY_SPECCUBE_BOX_PROJECTION UNITY_SPECCUBE_BLENDING UNITY_ENABLE_DETAIL_NORMALMAP SHADER_API_DESKTOP UNITY_COLORSPACE_GAMMA UNITY_LIGHT_PROBE_PROXY_VOLUME UNITY_LIGHTMAP_FULL_HDR ok=1
Cmd: compileSnippet
  api=4 type=1 insize=6855 outsize=142 kw=_NORMALMAP_TANGENT_SPACE _MATERIAL_FEATURE_SPECULAR_COLOR pd=UNITY_ENABLE_REFLECTION_BUFFERS UNITY_USE_DITHER_MASK_FOR_ALPHABLENDED_SHADOWS UNITY_PBS_USE_BRDF1 UNITY_SPECCUBE_BOX_PROJECTION UNITY_SPECCUBE_BLENDING UNITY_ENABLE_DETAIL_NORMALMAP SHADER_API_DESKTOP UNITY_COLORSPACE_GAMMA UNITY_LIGHT_PROBE_PROXY_VOLUME UNITY_LIGHTMAP_FULL_HDR ok=1
Cmd: compileSnippet
  api=4 type=0 insize=6753 outsize=1834 kw=UNITY_PASS_MOTIONVECTORS _NORMALMAP_TANGENT_SPACE _NORMALMAP _MASKMAP _EMISSIVE_COLOR_MAP pd=UNITY_ENABLE_REFLECTION_BUFFERS UNITY_USE_DITHER_MASK_FOR_ALPHABLENDED_SHADOWS UNITY_PBS_USE_BRDF1 UNITY_SPECCUBE_BOX_PROJECTION UNITY_SPECCUBE_BLENDING UNITY_ENABLE_DETAIL_NORMALMAP SHADER_API_DESKTOP UNITY_COLORSPACE_GAMMA UNITY_LIGHT_PROBE_PROXY_VOLUME UNITY_LIGHTMAP_FULL_HDR ok=1
Cmd: compileSnippet
  api=4 type=0 insize=7331 outsize=1818 kw=DEBUG_DISPLAY DECALS_3RT _NORMALMAP_TANGENT_SPACE _NORMALMAP _MASKMAP _DETAIL_MAP pd=UNITY_ENABLE_REFLECTION_BUFFERS UNITY_USE_DITHER_MASK_FOR_ALPHABLENDED_SHADOWS UNITY_PBS_USE_BRDF1 UNITY_SPECCUBE_BOX_PROJECTION UNITY_SPECCUBE_BLENDING UNITY_ENABLE_DETAIL_NORMALMAP SHADER_API_DESKTOP UNITY_COLORSPACE_GAMMA UNITY_LIGHT_PROBE_PROXY_VOLUME UNITY_LIGHTMAP_FULL_HDR ok=1
