Base path: 'C:/Program Files/Unity/Hub/Editor/2019.2.19f1/Editor/Data', plugins path 'C:/Program Files/Unity/Hub/Editor/2019.2.19f1/Editor/Data/PlaybackEngines'
Cmd: initializeCompiler
Cmd: compileComputeKernel
  api=4 insize=15806 outsize=13993 ok=1
Cmd: compileComputeKernel
  api=4 insize=15806 outsize=45306 ok=1
Cmd: compileComputeKernel
  api=4 insize=15806 outsize=53809 ok=1
Cmd: compileComputeKernel
  api=4 insize=15806 outsize=36359 ok=1
Cmd: compileComputeKernel
  api=4 insize=15806 outsize=43108 ok=1
Cmd: compileComputeKernel
  api=4 insize=15806 outsize=33303 ok=1
Cmd: compileComputeKernel
  api=4 insize=15806 outsize=36067 ok=1
Cmd: compileComputeKernel
  api=4 insize=15806 outsize=32435 ok=1
Cmd: compileComputeKernel
  api=4 insize=15806 outsize=14004 ok=1
Cmd: compileComputeKernel
  api=4 insize=15806 outsize=47631 ok=1
Cmd: compileComputeKernel
  api=4 insize=15806 outsize=34043 ok=1
Cmd: compileComputeKernel
  api=4 insize=15806 outsize=34048 ok=1
Cmd: compileComputeKernel
  api=4 insize=15806 outsize=37860 ok=1
Cmd: compileComputeKernel
  api=4 insize=15806 outsize=75859 ok=1
Cmd: compileComputeKernel
  api=4 insize=26390 outsize=15377 ok=1
Cmd: compileComputeKernel
  api=4 insize=26390 outsize=16121 ok=1
Cmd: compileComputeKernel
  api=4 insize=3927 outsize=1744 ok=1
Cmd: compileComputeKernel
  api=4 insize=9590 outsize=9146 ok=1
Cmd: compileComputeKernel
  api=4 insize=12177 outsize=1307 ok=1
Cmd: compileComputeKernel
  api=4 insize=7611 outsize=1261 ok=1
Cmd: compileComputeKernel
  api=4 insize=1988 outsize=2732 ok=1
Cmd: compileComputeKernel
  api=4 insize=22088 outsize=15086 ok=1
Cmd: compileComputeKernel
  api=4 insize=8884 outsize=4069 ok=1
Cmd: compileComputeKernel
  api=4 insize=3111 outsize=2044 ok=1
Cmd: compileComputeKernel
  api=4 insize=37247 outsize=36014 ok=1
Cmd: compileComputeKernel
  api=4 insize=37247 outsize=32395 ok=1
Cmd: compileComputeKernel
  api=4 insize=17989 outsize=7333 ok=1
Cmd: compileComputeKernel
  api=4 insize=5190 outsize=695 ok=1
Cmd: compileComputeKernel
  api=4 insize=5190 outsize=899 ok=1
Cmd: compileComputeKernel
  api=4 insize=10127 outsize=3652 ok=1
Cmd: compileComputeKernel
  api=4 insize=7903 outsize=4339 ok=1
Cmd: compileComputeKernel
  api=4 insize=4037 outsize=662 ok=1
Cmd: compileComputeKernel
  api=4 insize=18083 outsize=638 ok=1
Cmd: compileComputeKernel
  api=4 insize=20136 outsize=445 ok=1
Cmd: compileSnippet
  api=4 type=0 insize=4245 outsize=502 kw=NEAREST_DEPTH pd=UNITY_ENABLE_REFLECTION_BUFFERS UNITY_USE_DITHER_MASK_FOR_ALPHABLENDED_SHADOWS UNITY_PBS_USE_BRDF1 UNITY_SPECCUBE_BOX_PROJECTION UNITY_SPECCUBE_BLENDING UNITY_ENABLE_DETAIL_NORMALMAP SHADER_API_DESKTOP UNITY_COLORSPACE_GAMMA UNITY_LIGHT_PROBE_PROXY_VOLUME UNITY_LIGHTMAP_FULL_HDR ok=1
Cmd: compileSnippet
  api=4 type=0 insize=6855 outsize=810 kw=_NORMALMAP_TANGENT_SPACE _MATERIAL_FEATURE_SPECULAR_COLOR pd=UNITY_ENABLE_REFLECTION_BUFFERS UNITY_USE_DITHER_MASK_FOR_ALPHABLENDED_SHADOWS UNITY_PBS_USE_BRDF1 UNITY_SPECCUBE_BOX_PROJECTION UNITY_SPECCUBE_BLENDING UNITY_ENABLE_DETAIL_NORMALMAP SHADER_API_DESKTOP UNITY_COLORSPACE_GAMMA UNITY_LIGHT_PROBE_PROXY_VOLUME UNITY_LIGHTMAP_FULL_HDR ok=1
Cmd: compileSnippet
  api=4 type=0 insize=6855 outsize=810 kw=_NORMALMAP_TANGENT_SPACE _NORMALMAP _MATERIAL_FEATURE_SPECULAR_COLOR pd=UNITY_ENABLE_REFLECTION_BUFFERS UNITY_USE_DITHER_MASK_FOR_ALPHABLENDED_SHADOWS UNITY_PBS_USE_BRDF1 UNITY_SPECCUBE_BOX_PROJECTION UNITY_SPECCUBE_BLENDING UNITY_ENABLE_DETAIL_NORMALMAP SHADER_API_DESKTOP UNITY_COLORSPACE_GAMMA UNITY_LIGHT_PROBE_PROXY_VOLUME UNITY_LIGHTMAP_FULL_HDR ok=1
Cmd: compileSnippet
  api=4 type=1 insize=6753 outsize=562 kw=UNITY_PASS_MOTIONVECTORS _NORMALMAP_TANGENT_SPACE pd=UNITY_ENABLE_REFLECTION_BUFFERS UNITY_USE_DITHER_MASK_FOR_ALPHABLENDED_SHADOWS UNITY_PBS_USE_BRDF1 UNITY_SPECCUBE_BOX_PROJECTION UNITY_SPECCUBE_BLENDING UNITY_ENABLE_DETAIL_NORMALMAP SHADER_API_DESKTOP UNITY_COLORSPACE_GAMMA UNITY_LIGHT_PROBE_PROXY_VOLUME UNITY_LIGHTMAP_FULL_HDR ok=1
Cmd: compileSnippet
  api=4 type=0 insize=12539 outsize=402 kw=_ENABLE_SUN_DISK pd=UNITY_ENABLE_REFLECTION_BUFFERS UNITY_USE_DITHER_MASK_FOR_ALPHABLENDED_SHADOWS UNITY_PBS_USE_BRDF1 UNITY_SPECCUBE_BOX_PROJECTION UNITY_SPECCUBE_BLENDING UNITY_ENABLE_DETAIL_NORMALMAP SHADER_API_DESKTOP UNITY_COLORSPACE_GAMMA UNITY_LIGHT_PROBE_PROXY_VOLUME UNITY_LIGHTMAP_FULL_HDR ok=1
Cmd: compileSnippet
  api=4 type=1 insize=7331 outsize=6110 kw=LIGHTMAP_ON DIRLIGHTMAP_COMBINED DECALS_3RT _NORMALMAP_TANGENT_SPACE _NORMALMAP _MATERIAL_FEATURE_SPECULAR_COLOR pd=UNITY_ENABLE_REFLECTION_BUFFERS UNITY_USE_DITHER_MASK_FOR_ALPHABLENDED_SHADOWS UNITY_PBS_USE_BRDF1 UNITY_SPECCUBE_BOX_PROJECTION UNITY_SPECCUBE_BLENDING UNITY_ENABLE_DETAIL_NORMALMAP SHADER_API_DESKTOP UNITY_COLORSPACE_GAMMA UNITY_LIGHT_PROBE_PROXY_VOLUME UNITY_LIGHTMAP_FULL_HDR ok=1
Cmd: compileSnippet
  api=4 type=0 insize=7331 outsize=1818 kw=DEBUG_DISPLAY DECALS_3RT _NORMALMAP_TANGENT_SPACE pd=UNITY_ENABLE_REFLECTION_BUFFERS UNITY_USE_DITHER_MASK_FOR_ALPHABLENDED_SHADOWS UNITY_PBS_USE_BRDF1 UNITY_SPECCUBE_BOX_PROJECTION UNITY_SPECCUBE_BLENDING UNITY_ENABLE_DETAIL_NORMALMAP SHADER_API_DESKTOP UNITY_COLORSPACE_GAMMA UNITY_LIGHT_PROBE_PROXY_VOLUME UNITY_LIGHTMAP_FULL_HDR ok=1
Cmd: compileSnippet
  api=4 type=1 insize=7331 outsize=13638 kw=DEBUG_DISPLAY DECALS_3RT _NORMALMAP_TANGENT_SPACE _NORMALMAP _MASKMAP _DETAIL_MAP pd=UNITY_ENABLE_REFLECTION_BUFFERS UNITY_USE_DITHER_MASK_FOR_ALPHABLENDED_SHADOWS UNITY_PBS_USE_BRDF1 UNITY_SPECCUBE_BOX_PROJECTION UNITY_SPECCUBE_BLENDING UNITY_ENABLE_DETAIL_NORMALMAP SHADER_API_DESKTOP UNITY_COLORSPACE_GAMMA UNITY_LIGHT_PROBE_PROXY_VOLUME UNITY_LIGHTMAP_FULL_HDR ok=1
